### ISSUE TITLE
tests/kernel/threads/lifecycle/thread_init register corruption on ARM with user mode enabled

### ISSUE THREAD

**Issue by andrewboie** [zephyrproject-rtos/zephyr#7754]
Need to pull #7752 to see this as user mode wasn't being configured before for any ARM target. Reproduced on frdm_k64f. k_sem_give() is being called with a bogus semaphore address:

```
***** Booting Zephyr OS v1.12.0-rc1-26-g1125ccd07 *****
Running test suite thread_init
===================================================================
starting test - test_kdefine_preempt_thread
0x00006a4e is not a valid sem
syscall _handler_k_sem_give failed check: access denied
**** Unknown Fatal Error 0! ****
Current thread ID = 0x200028c4
Faulting instruction address = 0x9fd
Fatal fault in thread 0x200028c4! Aborting.
***** BUS FAULT *****
  Executing thread ID (thread): 0x20002838
  Faulting instruction address:  0x0
  Stacking error
Fatal fault in thread 0x20002838! Aborting.
***** BUS FAULT *****
  Executing thread ID (thread): 0x20002694
  Faulting instruction address:  0x0
  Stacking error
Fatal fault in thread 0x20002694! Aborting.
```

This appears to be register corruption across syscalls. This is the code:

```
void test_kdefine_preempt_thread(void)
{
	/*static thread created time unknown, skip it*/
	t_create = 0;
	expected.init_p1 = INIT_PREEMPT_P1;
	expected.init_p2 = INIT_PREEMPT_P2;
	expected.init_p3 = INIT_PREEMPT_P3;
	expected.init_prio = INIT_PREEMPT_PRIO;
	expected.init_delay = INIT_PREEMPT_DELAY;
	k_sem_reset(&start_sema);
	k_sem_reset(&end_sema);

	/*signal thread to start*/
	k_sem_give(&start_sema);
	/*wait for thread to exit*/
	k_sem_take(&end_sema, K_FOREVER);
}
```

These are the addresses of the two semaphores involved:

```
20002a9c D end_sema
20002aac D start_sema
```

Somehow, a register containing the address of start_sema is being corrupted and the system call is getting the bogus address of 0x00006a4e which is not even in SRAM.

**Comment by andrewboie** [comment]
Disassembly and register state before call to k_sem_reset:

```
Dump of assembler code for function test_kdefine_preempt_thread:
   0x000009c4 <+0>:	ldr	r3, [pc, #64]	; (0xa08 <test_kdefine_preempt_thread+68>)
   0x000009c6 <+2>:	movs	r0, #0
   0x000009c8 <+4>:	movs	r1, #0
   0x000009ca <+6>:	push	{r4, lr}
   0x000009cc <+8>:	strd	r0, r1, [r3]
   0x000009d0 <+12>:	ldr	r3, [pc, #56]	; (0xa0c <test_kdefine_preempt_thread+72>)
   0x000009d2 <+14>:	ldr	r4, [pc, #60]	; (0xa10 <test_kdefine_preempt_thread+76>)
   0x000009d4 <+16>:	movs	r2, #5
   0x000009d6 <+18>:	str	r2, [r3, #8]
   0x000009d8 <+20>:	movs	r2, #6
   0x000009da <+22>:	str	r2, [r3, #12]
   0x000009dc <+24>:	movs	r2, #7
   0x000009de <+26>:	str	r2, [r3, #16]
   0x000009e0 <+28>:	movs	r1, #1
   0x000009e2 <+30>:	movs	r2, #0
   0x000009e4 <+32>:	stmia.w	r3, {r1, r2}
   0x000009e8 <+36>:	ldr	r1, [pc, #40]	; (0xa14 <test_kdefine_preempt_thread+80>)
=> 0x000009ea <+38>:	mov	r0, r1
   0x000009ec <+40>:	bl	0x78c <k_sem_reset>
   0x000009f0 <+44>:	mov	r0, r4
   0x000009f2 <+46>:	bl	0x78c <k_sem_reset>
   0x000009f6 <+50>:	mov	r0, r1
   0x000009f8 <+52>:	bl	0x886 <k_sem_give>
   0x000009fc <+56>:	mov	r0, r4
   0x000009fe <+58>:	ldmia.w	sp!, {r4, lr}
   0x00000a02 <+62>:	b.w	0x846 <k_sem_take>
   0x00000a06 <+66>:	nop
   0x00000a08 <+68>:	lsls	r0, r0, #2
   0x00000a0a <+70>:	movs	r0, #0
   0x00000a0c <+72>:	lsls	r0, r5, #1
   0x00000a0e <+74>:	movs	r0, #0
   0x00000a10 <+76>:	cmp	r2, #156	; 0x9c
   0x00000a12 <+78>:	movs	r0, #0
   0x00000a14 <+80>:	cmp	r2, #172	; 0xac
   0x00000a16 <+82>:	movs	r0, #0
```

```
(gdb) info registers
r0             0x0	0
r1             0x20002aac	536881836
r2             0x0	0
r3             0x20000068	536871016
r4             0x20002a9c	536881820
r5             0x20000000	536870912
r6             0x20000088	536871048
```

r1 contains address of start_sema, 0x20002aac

Now across the call to k_sem_reset, r1 has been clobbered.

```
   0x000009e4 <+32>:	stmia.w	r3, {r1, r2}
   0x000009e8 <+36>:	ldr	r1, [pc, #40]	; (0xa14 <test_kdefine_preempt_thread+80>)
   0x000009ea <+38>:	mov	r0, r1
   0x000009ec <+40>:	bl	0x78c <k_sem_reset>
=> 0x000009f0 <+44>:	mov	r0, r4
   0x000009f2 <+46>:	bl	0x78c <k_sem_reset>
   0x000009f6 <+50>:	mov	r0, r1
```

```
(gdb) info registers
r0             0x0	0
r1             0x6a4e	27214
r2             0x6ea4	28324
r3             0x20000068	536871016
r4             0x20002a9c	536881820
r5             0x20000000	536870912
r6             0x20000088	536871048
```

Later when we try to copy r1 into r0 and call k_sem_give, it is being passed some garbage value of 0x6a4e instead of the address of start_sema:

```
=> 0x9f8 <test_kdefine_preempt_thread+52>:	bl	0x886 <k_sem_give>
(gdb) info registers
r0             0x6a4e	27214
r1             0x6a4e	27214
r2             0x6ea4	28324
```

This has to be a problem with the arch_syscall_invoke macros for ARM.

**Comment by andrewboie** [comment]
There appear to be two problems here.

After applying this patch, the registers appear to no longer be clobbered when calling k_sem_give():

```
diff --git a/include/arch/arm/arch.h b/include/arch/arm/arch.h
index 8071513f3..b96cc32d1 100644
--- a/include/arch/arm/arch.h
+++ b/include/arch/arm/arch.h
@@ -425,7 +425,7 @@ static inline u32_t _arch_syscall_invoke3(u32_t arg1, u32_t arg2, u32_t arg3,
                         : "=r"(ret)
                         : [svid] "i" (_SVC_CALL_SYSTEM_CALL),
                           "r" (ret), "r" (r1), "r" (r2), "r" (r6)
-                        : "r7", "memory");
+                        : "r7", "memory", "r3");
 
        return ret;
 }
@@ -440,7 +440,7 @@ static inline u32_t _arch_syscall_invoke2(u32_t arg1, u32_t arg2, u32_t call_id)
                         : "=r"(ret)
                         : [svid] "i" (_SVC_CALL_SYSTEM_CALL),
                           "r" (ret), "r" (r1), "r" (r6)
-                        : "r7", "memory");
+                        : "r7", "memory", "r2", "r3");
 
        return ret;
 }
@@ -454,7 +454,7 @@ static inline u32_t _arch_syscall_invoke1(u32_t arg1, u32_t call_id)
                         : "=r"(ret)
                         : [svid] "i" (_SVC_CALL_SYSTEM_CALL),
                           "r" (ret), "r" (r6)
-                        : "r7", "memory");
+                        : "r7", "memory", "r1", "r2", "r3");
        return ret;
 }
 
@@ -467,7 +467,7 @@ static inline u32_t _arch_syscall_invoke0(u32_t call_id)
                         : "=r"(ret)
                         : [svid] "i" (_SVC_CALL_SYSTEM_CALL),
                           "r" (ret), "r" (r6)
-                        : "r7", "memory");
+                        : "r7", "memory", "r1", "r2", "r3");
 
        return ret;
 }
```

However there is something else wrong with the call to k_sem_take(), we induce the double bus fault when calling that. I notice it is using a different type of branch instruction.

**Comment by andrewboie** [comment]
Any solution must be tested with:

`sanitycheck -T tests/kernel/ -p frdm_k64f --device-testing --device-serial /dev/ttyACM0`

**Comment by andrewboie** [comment]
I've isolated the bus faults to be directly related to stack sizes passed to k_thread_create() for new user threads only, supervisor mode unaffected.
The test had a stack size of 499. When I changed to a nice round number like 2048, works well. Not sure if this has something to do with the stack object, the transition to user mode, or something to do with the privileged stack generation.

**Comment by andrewboie** [comment]
The problem is that the MPU region for the current thread stack is at a 32-byte granularity, but the initial stack pointer is only rounded to 8 or 4 byte granularity. So for certain stack sizes, the initial stack pointer for the new thread can be just outside the MPU region, causing a fault as soon as the thread starts.
